<?xml version="1.0" encoding="UTF-8"?>
<testsuite xmlns:xsi="http://www.w3.org/2001/XMLSchema-instance" xsi:noNamespaceSchemaLocation="https://maven.apache.org/surefire/maven-surefire-plugin/xsd/surefire-test-report-3.0.xsd" version="3.0" name="com.bjpowernode.TestHelloMaven" time="0.026" tests="2" errors="0" skipped="0" failures="0">
  <properties>
[...]
</properties>
  <testcase name="testAdd" classname="com.bjpowernode.TestHelloMaven" time="0.004">
    <system-out><![CDATA[====testAdd测试add方法====
]]></system-out>
  </testcase>
  <testcase name="testAdd2" classname="com.bjpowernode.TestHelloMaven" time="0">
    <system-out><![CDATA[####testAdd测试add方法####
]]></system-out>
  </testcase>
</testsuite>